#
# There is insufficient memory for the Java Runtime Environment to continue.
# Native memory allocation (mmap) failed to map 67108864 bytes for Failed to commit area from 0x00000000fc000000 to 0x0000000100000000 of length 67108864.
# Possible reasons:
#   The system is out of physical RAM or swap space
#   The process is running with CompressedOops enabled, and the Java Heap may be blocking the growth of the native heap
# Possible solutions:
#   Reduce memory load on the system
#   Increase physical memory or swap space
#   Check if swap backing store is full
#   Decrease Java heap size (-Xmx/-Xms)
#   Decrease number of Java threads
#   Decrease Java thread stack sizes (-Xss)
#   Set larger code cache with -XX:ReservedCodeCacheSize=
# This output file may be truncated or incomplete.
#
#  Out of Memory Error (t:/workspace/open/src/hotspot/os/windows/os_windows.cpp:3269), pid=9852, tid=13640
#
# JRE version:  (11.0.2+9) (build )
# Java VM: OpenJDK 64-Bit Server VM (11.0.2+9, mixed mode, aot, sharing, tiered, compressed oops, g1 gc, windows-amd64)
# No core dump will be written. Minidumps are not enabled by default on client versions of Windows
#

---------------  S U M M A R Y ------------

Command Line: -Xmx64m -Xms64m -Dorg.gradle.appname=gradlew org.gradle.wrapper.GradleWrapperMain app:installDebug -PreactNativeDevServerPort=8081

Host: AMD Ryzen 5 5500U with Radeon Graphics         , 12 cores, 5G,  Windows 10 , 64 bit Build 19041 (10.0.19041.3636)
Time: Mon Dec 11 16:27:27 2023 Hora oficial do Brasil elapsed time: 0 seconds (0d 0h 0m 0s)

---------------  T H R E A D  ---------------

Current thread (0x000001f468404000):  JavaThread "Unknown thread" [_thread_in_vm, id=13640, stack(0x000000581a000000,0x000000581a100000)]

Stack: [0x000000581a000000,0x000000581a100000]
Native frames: (J=compiled Java code, j=interpreted, Vv=VM code, C=native code)
V  [jvm.dll+0x63489a]
V  [jvm.dll+0x771f9f]
V  [jvm.dll+0x773648]
V  [jvm.dll+0x773d03]
V  [jvm.dll+0x25eba8]
V  [jvm.dll+0x631d3a]
V  [jvm.dll+0x626775]
V  [jvm.dll+0x313ffc]
V  [jvm.dll+0x313e82]
V  [jvm.dll+0x3196e6]
V  [jvm.dll+0x36579f]
V  [jvm.dll+0x3651c0]
V  [jvm.dll+0x2f0ff8]
V  [jvm.dll+0x2f2156]
V  [jvm.dll+0x74b4f7]
V  [jvm.dll+0x74cc3f]
V  [jvm.dll+0x372609]
V  [jvm.dll+0x731b69]
V  [jvm.dll+0x3e1bad]
V  [jvm.dll+0x3e3e81]
C  [java.exe+0x3607]
C  [java.exe+0x1746c]
C  [KERNEL32.DLL+0x17344]
C  [ntdll.dll+0x526b1]


---------------  P R O C E S S  ---------------

Threads class SMR info:
_java_thread_list=0x000001f466af9ca0, length=0, elements={
}

Java Threads: ( => current thread )

Other Threads:
  0x000001f46841f000 GCTaskThread "GC Thread#0" [stack: 0x000000581a100000,0x000000581a200000] [id=9800]
  0x000001f468426800 ConcurrentGCThread "G1 Main Marker" [stack: 0x000000581a200000,0x000000581a300000] [id=7344]
  0x000001f468428800 ConcurrentGCThread "G1 Conc#0" [stack: 0x000000581a300000,0x000000581a400000] [id=11100]

[error occurred during error reporting (printing all threads), id 0xc0000005, EXCEPTION_ACCESS_VIOLATION (0xc0000005) at pc=0x00007ffdc178f5b7]

VM state:not at safepoint (not fully initialized)

VM Mutex/Monitor currently owned by a thread:  ([mutex/lock_event])
[0x000001f468400cc0] Heap_lock - owner thread: 0x000001f468404000

Heap address: 0x00000000fc000000, size: 64 MB, Compressed Oops mode: Non-zero based: 0x00000000fc000000
Narrow klass base: 0x0000000000000000, Narrow klass shift: 0

GC Heap History (0 events):
No events

Deoptimization events (0 events):
No events

Classes redefined (0 events):
No events

Internal exceptions (0 events):
No events

Events (0 events):
No events


Dynamic libraries:
0x00007ff7eb900000 - 0x00007ff7eb945000 	C:\Users\gabri\AppData\Local\jdk-11.0.2\bin\java.exe
0x00007ffe20290000 - 0x00007ffe20488000 	C:\WINDOWS\SYSTEM32\ntdll.dll
0x00007ffe1f4f0000 - 0x00007ffe1f5ad000 	C:\WINDOWS\System32\KERNEL32.DLL
0x00007ffe1dbf0000 - 0x00007ffe1dee6000 	C:\WINDOWS\System32\KERNELBASE.dll
0x00007ffe1e6a0000 - 0x00007ffe1e83e000 	C:\WINDOWS\System32\USER32.dll
0x00007ffe1e2c0000 - 0x00007ffe1e2e2000 	C:\WINDOWS\System32\win32u.dll
0x00007ffe1f200000 - 0x00007ffe1f22c000 	C:\WINDOWS\System32\GDI32.dll
0x00007ffe1dad0000 - 0x00007ffe1dbea000 	C:\WINDOWS\System32\gdi32full.dll
0x00007ffe1da30000 - 0x00007ffe1dacd000 	C:\WINDOWS\System32\msvcp_win.dll
0x00007ffe1dfd0000 - 0x00007ffe1e0d0000 	C:\WINDOWS\System32\ucrtbase.dll
0x00007ffe03b50000 - 0x00007ffe03dea000 	C:\WINDOWS\WinSxS\amd64_microsoft.windows.common-controls_6595b64144ccf1df_6.0.19041.3636_none_60b6a03d71f818d5\COMCTL32.dll
0x00007ffe1e5a0000 - 0x00007ffe1e63e000 	C:\WINDOWS\System32\msvcrt.dll
0x00007ffe1e4c0000 - 0x00007ffe1e4f0000 	C:\WINDOWS\System32\IMM32.DLL
0x00007ffdcccf0000 - 0x00007ffdccd06000 	C:\Users\gabri\AppData\Local\jdk-11.0.2\bin\vcruntime140.dll
0x00007ffdccc40000 - 0x00007ffdcccea000 	C:\Users\gabri\AppData\Local\jdk-11.0.2\bin\msvcp140.dll
0x00007ffdc1490000 - 0x00007ffdc1fb3000 	C:\Users\gabri\AppData\Local\jdk-11.0.2\bin\server\jvm.dll
0x00007ffe1e4f0000 - 0x00007ffe1e59f000 	C:\WINDOWS\System32\ADVAPI32.dll
0x00007ffe1f680000 - 0x00007ffe1f71c000 	C:\WINDOWS\System32\sechost.dll
0x00007ffe20030000 - 0x00007ffe20156000 	C:\WINDOWS\System32\RPCRT4.dll
0x00007ffe20170000 - 0x00007ffe20178000 	C:\WINDOWS\System32\PSAPI.DLL
0x00007ffe12e60000 - 0x00007ffe12e87000 	C:\WINDOWS\SYSTEM32\WINMM.dll
0x00007ffe14d20000 - 0x00007ffe14d2a000 	C:\WINDOWS\SYSTEM32\VERSION.dll
0x00007ffdccc30000 - 0x00007ffdccc39000 	C:\WINDOWS\SYSTEM32\WSOCK32.dll
0x00007ffe201e0000 - 0x00007ffe2024b000 	C:\WINDOWS\System32\WS2_32.dll
0x00007ffe1b830000 - 0x00007ffe1b842000 	C:\WINDOWS\SYSTEM32\kernel.appcore.dll
0x00007ffdccc10000 - 0x00007ffdccc21000 	C:\Users\gabri\AppData\Local\jdk-11.0.2\bin\verify.dll
0x00007ffe0df20000 - 0x00007ffe0e104000 	C:\WINDOWS\SYSTEM32\DBGHELP.DLL
0x00007ffe0d550000 - 0x00007ffe0d584000 	C:\WINDOWS\SYSTEM32\dbgcore.DLL
0x00007ffe1e230000 - 0x00007ffe1e2b2000 	C:\WINDOWS\System32\bcryptPrimitives.dll
0x00007ffdccbe0000 - 0x00007ffdccc08000 	C:\Users\gabri\AppData\Local\jdk-11.0.2\bin\java.dll
0x00007ffdccbc0000 - 0x00007ffdccbd6000 	C:\Users\gabri\AppData\Local\jdk-11.0.2\bin\zip.dll
0x00007ffdccbb0000 - 0x00007ffdccbba000 	C:\Users\gabri\AppData\Local\jdk-11.0.2\bin\jimage.dll

dbghelp: loaded successfully - version: 4.0.5 - missing functions: none
symbol engine: initialized successfully - sym options: 0x614 - pdb path: .;C:\Users\gabri\AppData\Local\jdk-11.0.2\bin;C:\WINDOWS\SYSTEM32;C:\WINDOWS\WinSxS\amd64_microsoft.windows.common-controls_6595b64144ccf1df_6.0.19041.3636_none_60b6a03d71f818d5;C:\Users\gabri\AppData\Local\jdk-11.0.2\bin\server

VM Arguments:
jvm_args: -Xmx64m -Xms64m -Dorg.gradle.appname=gradlew 
java_command: org.gradle.wrapper.GradleWrapperMain app:installDebug -PreactNativeDevServerPort=8081
java_class_path (initial): C:\Trabalho\RadioApp\android\\gradle\wrapper\gradle-wrapper.jar
Launcher Type: SUN_STANDARD

[Global flags]
     intx CICompilerCount                          = 4                                         {product} {ergonomic}
     uint ConcGCThreads                            = 3                                         {product} {ergonomic}
     uint G1ConcRefinementThreads                  = 10                                        {product} {ergonomic}
   size_t G1HeapRegionSize                         = 1048576                                   {product} {ergonomic}
    uintx GCDrainStackTargetSize                   = 64                                        {product} {ergonomic}
   size_t InitialHeapSize                          = 67108864                                  {product} {command line}
   size_t MarkStackSize                            = 4194304                                   {product} {ergonomic}
   size_t MaxHeapSize                              = 67108864                                  {product} {command line}
   size_t MinHeapDeltaBytes                        = 1048576                                   {product} {ergonomic}
    uintx NonNMethodCodeHeapSize                   = 5835340                                {pd product} {ergonomic}
    uintx NonProfiledCodeHeapSize                  = 122911450                              {pd product} {ergonomic}
    uintx ProfiledCodeHeapSize                     = 122911450                              {pd product} {ergonomic}
    uintx ReservedCodeCacheSize                    = 251658240                              {pd product} {ergonomic}
     bool SegmentedCodeCache                       = true                                      {product} {ergonomic}
     bool UseCompressedClassPointers               = true                                 {lp64_product} {ergonomic}
     bool UseCompressedOops                        = true                                 {lp64_product} {ergonomic}
     bool UseG1GC                                  = true                                      {product} {ergonomic}
     bool UseLargePagesIndividualAllocation        = false                                  {pd product} {ergonomic}

Logging:
Log output configuration:
 #0: stdout all=warning uptime,level,tags
 #1: stderr all=off uptime,level,tags

Environment Variables:
JAVA_HOME=C:\Users\gabri\AppData\Local\jdk-11.0.2
CLASSPATH=C:\Trabalho\RadioApp\android\\gradle\wrapper\gradle-wrapper.jar
PATH=C:\Trabalho\RadioApp\node_modules\.bin;C:\Trabalho\RadioApp\node_modules\.bin;C:\Trabalho\node_modules\.bin;C:\node_modules\.bin;C:\Program Files\nodejs\node_modules\npm\node_modules\@npmcli\run-script\lib\node-gyp-bin;C:\Trabalho\RadioApp\node_modules\.bin;C:\Trabalho\RadioApp\node_modules\.bin;C:\Trabalho\node_modules\.bin;C:\node_modules\.bin;C:\Program Files\nodejs\node_modules\npm\node_modules\@npmcli\run-script\lib\node-gyp-bin;C:\Program Files\Common Files\Oracle\Java\javapath;C:\Program Files (x86)\Common Files\Oracle\Java\javapath;C:\WINDOWS\system32;C:\WINDOWS;C:\WINDOWS\System32\Wbem;C:\WINDOWS\System32\WindowsPowerShell\v1.0\;C:\WINDOWS\System32\OpenSSH\;C:\Program Files\nodejs\;C:\Program Files\Git\cmd;C:\Users\gabri\AppData\Local\Android\Sdk\platform-tools;C:\Users\gabri\AppData\Local\Android\Sdk\tools;C:\Users\gabri\AppData\Local\jdk-11.0.2\bin;C:\Users\gabri\AppData\Local\Android\Sdk\platform-tools;C:\Users\gabri\AppData\Local\Android\Sdk\tools;C:\Users\gabri\AppData\Local\jdk-11.0.2\bin;C:\Users\gabri\AppData\Local\Microsoft\WindowsApps;C:\Users\gabri\AppData\Roaming\npm;C:\Users\gabri\AppData\Local\Programs\Microsoft VS Code\bin
USERNAME=gabri
OS=Windows_NT
PROCESSOR_IDENTIFIER=AMD64 Family 23 Model 104 Stepping 1, AuthenticAMD



---------------  S Y S T E M  ---------------

OS: Windows 10 , 64 bit Build 19041 (10.0.19041.3636)

CPU:total 12 (initial active 12) (12 cores per cpu, 2 threads per core) family 23 model 104 stepping 1, cmov, cx8, fxsr, mmx, sse, sse2, sse3, ssse3, sse4.1, sse4.2, popcnt, avx, avx2, aes, clmul, mmxext, 3dnowpref, lzcnt, sse4a, ht, tsc, tscinvbit, tscinv, bmi1, bmi2, adx, sha, fma

Memory: 4k page, system-wide physical 6005M (183M free)
TotalPageFile size 24437M (AvailPageFile size 118M)
current process WorkingSet (physical memory assigned to process): 9M, peak: 9M
current process commit charge ("private bytes"): 63M, peak: 127M

vm_info: OpenJDK 64-Bit Server VM (11.0.2+9) for windows-amd64 JRE (11.0.2+9), built on Jan 18 2019 05:23:22 by "mach5one" with MS VC++ 15.5 (VS2017)

END.
